c:\study\c++\2_semestr\gamedino\gamedino\x64\release\vc143.pdb
c:\study\c++\2_semestr\gamedino\gamedino\x64\release\gamedino.obj
c:\study\c++\2_semestr\gamedino\x64\release\gamedino.exe
c:\study\c++\2_semestr\gamedino\x64\release\gamedino.pdb
c:\study\c++\2_semestr\gamedino\gamedino\x64\release\gamedino.ipdb
c:\study\c++\2_semestr\gamedino\gamedino\x64\release\gamedino.iobj
c:\study\c++\2_semestr\cpp_projects\gamedino\gamedino\x64\release\gamedino.obj
c:\study\c++\2_semestr\cpp_projects\gamedino\gamedino\x64\release\gamedino.ipdb
c:\study\c++\2_semestr\cpp_projects\gamedino\gamedino\x64\release\gamedino.iobj
c:\study\c++\2_semestr\cpp_projects\gamedino\gamedino\x64\release\vc143.pdb
c:\study\c++\2_semestr\cpp_projects\gamedino\x64\release\gamedino.pdb
c:\study\c++\2_semestr\cpp_projects\gamedino\x64\release\gamedino.exe
c:\study\c++\2_semestr\cpp_projects\gamedino\gamedino\x64\release\gamedino.tlog\cl.command.1.tlog
c:\study\c++\2_semestr\cpp_projects\gamedino\gamedino\x64\release\gamedino.tlog\cl.items.tlog
c:\study\c++\2_semestr\cpp_projects\gamedino\gamedino\x64\release\gamedino.tlog\cl.read.1.tlog
c:\study\c++\2_semestr\cpp_projects\gamedino\gamedino\x64\release\gamedino.tlog\cl.write.1.tlog
c:\study\c++\2_semestr\cpp_projects\gamedino\gamedino\x64\release\gamedino.tlog\link.command.1.tlog
c:\study\c++\2_semestr\cpp_projects\gamedino\gamedino\x64\release\gamedino.tlog\link.read.1.tlog
c:\study\c++\2_semestr\cpp_projects\gamedino\gamedino\x64\release\gamedino.tlog\link.secondary.1.tlog
c:\study\c++\2_semestr\cpp_projects\gamedino\gamedino\x64\release\gamedino.tlog\link.write.1.tlog
